<?xml version="1.0" encoding="UTF-8"?>
<!-- Generated by org.testng.reporters.JUnitReportReporter -->
<testsuite hostname="md2pyz3c" failures="0" tests="1" name="com.siemens.SieEdgeSuite.automation.tests.AllTests" time="24.488" errors="0" timestamp="27 Jul 2021 10:12:18 GMT">
  <testcase classname="com.siemens.SieEdgeSuite.automation.tests.AllTests" name="SimpleLineTrendPageScenarios" time="24.488"/>
</testsuite> <!-- com.siemens.SieEdgeSuite.automation.tests.AllTests -->
