<?xml version="1.0" encoding="UTF-8"?>
<!-- Generated by org.testng.reporters.JUnitReportReporter -->
<testsuite hostname="md2pyz3c" failures="0" tests="6" name="com.commbank.HomeLoanRepayment.automation.tests.AllTests" time="80.262" errors="0" timestamp="1 Sep 2021 13:21:35 GMT">
  <testcase classname="com.commbank.HomeLoanRepayment.automation.tests.AllTests" name="HomeLoanRepaymentsScenarios" time="12.831"/>
  <testcase classname="com.commbank.HomeLoanRepayment.automation.tests.AllTests" name="HomeLoanRepaymentsScenarios" time="12.620"/>
  <testcase classname="com.commbank.HomeLoanRepayment.automation.tests.AllTests" name="HomeLoanRepaymentsScenarios" time="12.734"/>
  <testcase classname="com.commbank.HomeLoanRepayment.automation.tests.AllTests" name="HomeLoanRepaymentsScenarios" time="12.666"/>
  <testcase classname="com.commbank.HomeLoanRepayment.automation.tests.AllTests" name="HomePageScenarios" time="16.696"/>
  <testcase classname="com.commbank.HomeLoanRepayment.automation.tests.AllTests" name="HomeLoanRepaymentsScenarios" time="12.715"/>
</testsuite> <!-- com.commbank.HomeLoanRepayment.automation.tests.AllTests -->
