<?xml version="1.0" encoding="UTF-8"?>
<!-- Generated by org.testng.reporters.JUnitReportReporter -->
<testsuite hostname="md2pyz3c" failures="0" tests="2" name="com.siemens.APMLSA.automation.tests.AllTests" time="111.569" errors="0" timestamp="17 Sep 2020 11:44:14 GMT">
  <testcase classname="com.siemens.APMLSA.automation.tests.AllTests" name="testLogin" time="21.381"/>
  <testcase classname="com.siemens.APMLSA.automation.tests.AllTests" name="selectingFiltersInDashboard" time="90.188"/>
</testsuite> <!-- com.siemens.APMLSA.automation.tests.AllTests -->
